<?xml version="1.0" encoding="UTF-8"?>
<testng-results ignored="0" total="1" passed="1" failed="0" skipped="0">
  <reporter-output>
  </reporter-output>
  <suite started-at="2023-11-14T20:14:32 IST" name="Suite" finished-at="2023-11-14T20:15:35 IST" duration-ms="62829">
    <groups>
    </groups>
    <test started-at="2023-11-14T20:14:32 IST" name="Test" finished-at="2023-11-14T20:15:35 IST" duration-ms="62829">
      <class name="com.proj.tests.TC001_NaukriLogin">
        <test-method is-config="true" signature="browserSetup()[pri:0, instance:com.proj.tests.TC001_NaukriLogin@72cc7e6f]" started-at="2023-11-14T20:14:32 IST" name="browserSetup" finished-at="2023-11-14T20:15:11 IST" duration-ms="38674" status="PASS">
          <reporter-output>
          </reporter-output>
        </test-method> <!-- browserSetup -->
        <test-method signature="loginNaukri()[pri:0, instance:com.proj.tests.TC001_NaukriLogin@72cc7e6f]" started-at="2023-11-14T20:15:11 IST" name="loginNaukri" finished-at="2023-11-14T20:15:34 IST" duration-ms="23135" status="PASS">
          <reporter-output>
          </reporter-output>
        </test-method> <!-- loginNaukri -->
        <test-method is-config="true" signature="closeBrowser()[pri:0, instance:com.proj.tests.TC001_NaukriLogin@72cc7e6f]" started-at="2023-11-14T20:15:34 IST" name="closeBrowser" finished-at="2023-11-14T20:15:35 IST" duration-ms="964" status="PASS">
          <reporter-output>
          </reporter-output>
        </test-method> <!-- closeBrowser -->
      </class> <!-- com.proj.tests.TC001_NaukriLogin -->
    </test> <!-- Test -->
  </suite> <!-- Suite -->
</testng-results>
